0 info it worked if it ends with ok
1 verbose cli [ '/Users/z013mrq/.nvm/versions/node/v6.9.0/bin/node',
1 verbose cli   '/Users/z013mrq/.nvm/versions/node/v6.9.0/bin/npm',
1 verbose cli   'start' ]
2 info using npm@3.10.8
3 info using node@v6.9.0
4 verbose run-script [ 'prestart', 'start', 'poststart' ]
5 info lifecycle @abhijeet/myretail@1.0.0~prestart: @abhijeet/myretail@1.0.0
6 silly lifecycle @abhijeet/myretail@1.0.0~prestart: no script for prestart, continuing
7 info lifecycle @abhijeet/myretail@1.0.0~start: @abhijeet/myretail@1.0.0
8 verbose lifecycle @abhijeet/myretail@1.0.0~start: unsafe-perm in lifecycle true
9 verbose lifecycle @abhijeet/myretail@1.0.0~start: PATH: /Users/z013mrq/.nvm/versions/node/v6.9.0/lib/node_modules/npm/bin/node-gyp-bin:/Users/z013mrq/myRetail/node_modules/.bin:/Users/z013mrq/.nvm/versions/node/v6.9.0/bin:/Users/z013mrq/.yarn/bin:/usr/local/bin:/usr/bin:/bin:/usr/sbin:/sbin
10 verbose lifecycle @abhijeet/myretail@1.0.0~start: CWD: /Users/z013mrq/myRetail
11 silly lifecycle @abhijeet/myretail@1.0.0~start: Args: [ '-c', 'cross-env NODE_ENV=development babel-node server' ]
12 silly lifecycle @abhijeet/myretail@1.0.0~start: Returned: code: 1  signal: null
13 info lifecycle @abhijeet/myretail@1.0.0~start: Failed to exec start script
14 verbose stack Error: @abhijeet/myretail@1.0.0 start: `cross-env NODE_ENV=development babel-node server`
14 verbose stack Exit status 1
14 verbose stack     at EventEmitter.<anonymous> (/Users/z013mrq/.nvm/versions/node/v6.9.0/lib/node_modules/npm/lib/utils/lifecycle.js:255:16)
14 verbose stack     at emitTwo (events.js:106:13)
14 verbose stack     at EventEmitter.emit (events.js:191:7)
14 verbose stack     at ChildProcess.<anonymous> (/Users/z013mrq/.nvm/versions/node/v6.9.0/lib/node_modules/npm/lib/utils/spawn.js:40:14)
14 verbose stack     at emitTwo (events.js:106:13)
14 verbose stack     at ChildProcess.emit (events.js:191:7)
14 verbose stack     at maybeClose (internal/child_process.js:877:16)
14 verbose stack     at Process.ChildProcess._handle.onexit (internal/child_process.js:226:5)
15 verbose pkgid @abhijeet/myretail@1.0.0
16 verbose cwd /Users/z013mrq/myRetail
17 error Darwin 15.3.0
18 error argv "/Users/z013mrq/.nvm/versions/node/v6.9.0/bin/node" "/Users/z013mrq/.nvm/versions/node/v6.9.0/bin/npm" "start"
19 error node v6.9.0
20 error npm  v3.10.8
21 error code ELIFECYCLE
22 error @abhijeet/myretail@1.0.0 start: `cross-env NODE_ENV=development babel-node server`
22 error Exit status 1
23 error Failed at the @abhijeet/myretail@1.0.0 start script 'cross-env NODE_ENV=development babel-node server'.
23 error Make sure you have the latest version of node.js and npm installed.
23 error If you do, this is most likely a problem with the @abhijeet/myretail package,
23 error not with npm itself.
23 error Tell the author that this fails on your system:
23 error     cross-env NODE_ENV=development babel-node server
23 error You can get information on how to open an issue for this project with:
23 error     npm bugs @abhijeet/myretail
23 error Or if that isn't available, you can get their info via:
23 error     npm owner ls @abhijeet/myretail
23 error There is likely additional logging output above.
24 verbose exit [ 1, true ]
